Using pre-set license
Built from '2020.3/staging' branch; Version is '2020.3.26f1 (7298b473bc1a) revision 7510196'; Using compiler version '192528614'; Build Type 'Release'
OS: 'Windows 10  (10.0.19043) 64bit Core' Language: 'es' Physical Memory: 16238 MB
BatchMode: 1, IsHumanControllingUs: 0, StartBugReporterOnCrash: 0, Is64bit: 1, IsPro: 0

COMMAND LINE ARGUMENTS:
C:\Program Files\Unity\Hub\Editor\2020.3.26f1\Editor\Unity.exe
-adb2
-batchMode
-noUpm
-name
AssetImportWorker0
-projectPath
C:/Users/DC99_/Documents/Graficas Computacionales/Proyecto/Proyecto-Unity/Hacienda-Kamisato
-logFile
Logs/AssetImportWorker0.log
-srvPort
55079
Successfully changed project path to: C:/Users/DC99_/Documents/Graficas Computacionales/Proyecto/Proyecto-Unity/Hacienda-Kamisato
C:/Users/DC99_/Documents/Graficas Computacionales/Proyecto/Proyecto-Unity/Hacienda-Kamisato
Using Asset Import Pipeline V2.
Refreshing native plugins compatible for Editor in 43.38 ms, found 2 plugins.
Preloading 0 native plugins for Editor in 0.00 ms.
Initialize engine version: 2020.3.26f1 (7298b473bc1a)
[Subsystems] Discovering subsystems at path C:/Program Files/Unity/Hub/Editor/2020.3.26f1/Editor/Data/Resources/UnitySubsystems
[Subsystems] Discovering subsystems at path C:/Users/DC99_/Documents/Graficas Computacionales/Proyecto/Proyecto-Unity/Hacienda-Kamisato/Assets
GfxDevice: creating device client; threaded=0
Direct3D:
    Version:  Direct3D 11.0 [level 11.1]
    Renderer: Intel(R) UHD Graphics 620 (ID=0x5917)
    Vendor:   
    VRAM:     8119 MB
    Driver:   27.20.100.9749
Initialize mono
Mono path[0] = 'C:/Program Files/Unity/Hub/Editor/2020.3.26f1/Editor/Data/Managed'
Mono path[1] = 'C:/Program Files/Unity/Hub/Editor/2020.3.26f1/Editor/Data/MonoBleedingEdge/lib/mono/unityjit'
Mono config path = 'C:/Program Files/Unity/Hub/Editor/2020.3.26f1/Editor/Data/MonoBleedingEdge/etc'
Using monoOptions --debugger-agent=transport=dt_socket,embedding=1,server=y,suspend=n,address=127.0.0.1:56444
Begin MonoManager ReloadAssembly
Registering precompiled unity dll's ...
Register platform support module: C:/Program Files/Unity/Hub/Editor/2020.3.26f1/Editor/Data/PlaybackEngines/WebGLSupport/UnityEditor.WebGL.Extensions.dll
Register platform support module: C:/Program Files/Unity/Hub/Editor/2020.3.26f1/Editor/Data/PlaybackEngines/WindowsStandaloneSupport/UnityEditor.WindowsStandalone.Extensions.dll
Registered in 0.002754 seconds.
Native extension for WindowsStandalone target not found
Native extension for WebGL target not found
Refreshing native plugins compatible for Editor in 33.47 ms, found 2 plugins.
Preloading 0 native plugins for Editor in 0.00 ms.
Mono: successfully reloaded assembly
- Completed reload, in  0.598 seconds
Domain Reload Profiling:
	ReloadAssembly (598ms)
		BeginReloadAssembly (57ms)
			ExecutionOrderSort (0ms)
			DisableScriptedObjects (0ms)
			BackupInstance (0ms)
			ReleaseScriptingObjects (0ms)
			CreateAndSetChildDomain (1ms)
		EndReloadAssembly (461ms)
			LoadAssemblies (56ms)
			RebuildTransferFunctionScriptingTraits (0ms)
			SetupTypeCache (163ms)
			ReleaseScriptCaches (0ms)
			RebuildScriptCaches (32ms)
			SetupLoadedEditorAssemblies (165ms)
				LogAssemblyErrors (0ms)
				InitializePlatformSupportModulesInManaged (6ms)
				SetLoadedEditorAssemblies (0ms)
				RefreshPlugins (34ms)
				BeforeProcessingInitializeOnLoad (9ms)
				ProcessInitializeOnLoadAttributes (86ms)
				ProcessInitializeOnLoadMethodAttributes (30ms)
				AfterProcessingInitializeOnLoad (0ms)
				EditorAssembliesLoaded (0ms)
			ExecutionOrderSort2 (0ms)
			AwakeInstancesAfterBackupRestoration (0ms)
Platform modules already initialized, skipping
Registering precompiled user dll's ...
Registered in 0.004889 seconds.
Begin MonoManager ReloadAssembly
Native extension for WindowsStandalone target not found
Native extension for WebGL target not found
Refreshing native plugins compatible for Editor in 0.38 ms, found 2 plugins.
Preloading 0 native plugins for Editor in 0.00 ms.
Mono: successfully reloaded assembly
- Completed reload, in  1.105 seconds
Domain Reload Profiling:
	ReloadAssembly (1106ms)
		BeginReloadAssembly (166ms)
			ExecutionOrderSort (0ms)
			DisableScriptedObjects (5ms)
			BackupInstance (0ms)
			ReleaseScriptingObjects (0ms)
			CreateAndSetChildDomain (21ms)
		EndReloadAssembly (868ms)
			LoadAssemblies (95ms)
			RebuildTransferFunctionScriptingTraits (0ms)
			SetupTypeCache (304ms)
			ReleaseScriptCaches (0ms)
			RebuildScriptCaches (41ms)
			SetupLoadedEditorAssemblies (321ms)
				LogAssemblyErrors (0ms)
				InitializePlatformSupportModulesInManaged (7ms)
				SetLoadedEditorAssemblies (1ms)
				RefreshPlugins (0ms)
				BeforeProcessingInitializeOnLoad (70ms)
				ProcessInitializeOnLoadAttributes (225ms)
				ProcessInitializeOnLoadMethodAttributes (10ms)
				AfterProcessingInitializeOnLoad (7ms)
				EditorAssembliesLoaded (0ms)
			ExecutionOrderSort2 (0ms)
			AwakeInstancesAfterBackupRestoration (7ms)
Platform modules already initialized, skipping
========================================================================
Worker process is ready to serve import requests
Launched and connected shader compiler UnityShaderCompiler.exe after 0.08 seconds
Refreshing native plugins compatible for Editor in 0.39 ms, found 2 plugins.
Preloading 0 native plugins for Editor in 0.00 ms.
Unloading 1504 Unused Serialized files (Serialized files now loaded: 0)
System memory in use before: 86.7 MB.
System memory in use after: 86.8 MB.

Unloading 19 unused Assets to reduce memory usage. Loaded Objects now: 1961.
Total: 2.857800 ms (FindLiveObjects: 0.143100 ms CreateObjectMapping: 0.039000 ms MarkObjects: 2.595300 ms  DeleteObjects: 0.079600 ms)

AssetImportParameters requested are different than current active one (requested -> active):
  custom:framework-win-MediaFoundation: 216162199b28c13a410421893ffa2e32 -> 
  custom:video-decoder-ogg-theora: a1e56fd34408186e4bbccfd4996cb3dc -> 
  custom:container-muxer-webm: aa71ff27fc2769a1b78a27578f13a17b -> 
  custom:container-demuxer-webm: 4f35f7cbe854078d1ac9338744f61a02 -> 
  custom:container-demuxer-ogg: 62fdf1f143b41e24485cea50d1cbac27 -> 
  custom:video-encoder-webm-vp8: eb34c28f22e8b96e1ab97ce403110664 -> 
  custom:video-codec-MediaFoundation-h265: 746d11721c4dcdbdad8f713fa42b33f4 -> 
  custom:video-decoder-webm-vp8: 9c59270c3fd7afecdb556c50c9e8de78 -> 
  custom:audio-decoder-ogg-vorbis: bf7c407c2cedff20999df2af8eb42d56 -> 
  custom:audio-encoder-webm-vorbis: bf7c407c2cedff20999df2af8eb42d56 -> 
========================================================================
Received Import Request.
  path: Assets/Fantasy Skybox FREE
  artifactKey: Guid(e3b45646449573f4aa64fbce29d509cc) Importer(815301076,1909f56bfc062723c751e8b465ee728b)
Start importing Assets/Fantasy Skybox FREE using Guid(e3b45646449573f4aa64fbce29d509cc) Importer(815301076,1909f56bfc062723c751e8b465ee728b)  -> (artifact id: 'd82cf0e02697dc49a0c48e05b7e319be') in 0.012129 seconds 
  Import took 0.015560 seconds .

========================================================================
Received Import Request.
  Time since last request: 2.565726 seconds.
  path: Assets/flag
  artifactKey: Guid(432859ae6fd7b8a489aad78b58c25b4b) Importer(815301076,1909f56bfc062723c751e8b465ee728b)
Start importing Assets/flag using Guid(432859ae6fd7b8a489aad78b58c25b4b) Importer(815301076,1909f56bfc062723c751e8b465ee728b)  -> (artifact id: 'e770d73696d3c3736a6d3a17e130e6a9') in 0.013181 seconds 
  Import took 0.017495 seconds .

========================================================================
Received Import Request.
  Time since last request: 6.510007 seconds.
  path: Assets/Fantasy Skybox FREE/Scenes/Brush_Flower.png
  artifactKey: Guid(0d383f0cd0395064eb4b64619b2840f3) Importer(815301076,1909f56bfc062723c751e8b465ee728b)
Start importing Assets/Fantasy Skybox FREE/Scenes/Brush_Flower.png using Guid(0d383f0cd0395064eb4b64619b2840f3) Importer(815301076,1909f56bfc062723c751e8b465ee728b)  -> (artifact id: '163121ffc558f1bd3d17556e84fc978f') in 0.094304 seconds 
  Import took 0.098297 seconds .

========================================================================
Received Import Request.
  Time since last request: 0.000343 seconds.
  path: Assets/Fantasy Skybox FREE/Scenes/Texture_Dirt_Normal.png
  artifactKey: Guid(6372a4abc4700ef4aad94d04602e89bf) Importer(815301076,1909f56bfc062723c751e8b465ee728b)
Start importing Assets/Fantasy Skybox FREE/Scenes/Texture_Dirt_Normal.png using Guid(6372a4abc4700ef4aad94d04602e89bf) Importer(815301076,1909f56bfc062723c751e8b465ee728b)  -> (artifact id: 'bc04ced09b269500f118f152f05fd385') in 0.069053 seconds 
  Import took 0.072842 seconds .

========================================================================
Received Import Request.
  Time since last request: 0.000324 seconds.
  path: Assets/Fantasy Skybox FREE/Scenes/Texture_Grass_Normal.png
  artifactKey: Guid(69e10fcec9984ba4f839a5693383c57e) Importer(815301076,1909f56bfc062723c751e8b465ee728b)
Start importing Assets/Fantasy Skybox FREE/Scenes/Texture_Grass_Normal.png using Guid(69e10fcec9984ba4f839a5693383c57e) Importer(815301076,1909f56bfc062723c751e8b465ee728b)  -> (artifact id: '4bffd08f7cdbc75efbad07d2e91578c2') in 0.049396 seconds 
  Import took 0.053119 seconds .

========================================================================
Received Import Request.
  Time since last request: 0.000394 seconds.
  path: Assets/Fantasy Skybox FREE/Scenes/Texture_Grass_Diffuse.png
  artifactKey: Guid(5e1acf362611957488060eee4178b3f3) Importer(815301076,1909f56bfc062723c751e8b465ee728b)
Start importing Assets/Fantasy Skybox FREE/Scenes/Texture_Grass_Diffuse.png using Guid(5e1acf362611957488060eee4178b3f3) Importer(815301076,1909f56bfc062723c751e8b465ee728b)  -> (artifact id: '9c1ac3163dd88360532442f66eeea30e') in 0.042717 seconds 
  Import took 0.047690 seconds .

========================================================================
Received Import Request.
  Time since last request: 0.000379 seconds.
  path: Assets/Fantasy Skybox FREE/Scenes/Texture_Rock_Diffuse.png
  artifactKey: Guid(5749f76eaefd4464d864cb20ae8451aa) Importer(815301076,1909f56bfc062723c751e8b465ee728b)
Start importing Assets/Fantasy Skybox FREE/Scenes/Texture_Rock_Diffuse.png using Guid(5749f76eaefd4464d864cb20ae8451aa) Importer(815301076,1909f56bfc062723c751e8b465ee728b)  -> (artifact id: '71a5047c0dfd37d542f9ad0d9d922731') in 0.046157 seconds 
  Import took 0.049986 seconds .

========================================================================
Received Import Request.
  Time since last request: 0.000354 seconds.
  path: Assets/Fantasy Skybox FREE/Scenes/Brush_Grass_02.png
  artifactKey: Guid(5d4b367f0702b4b46a16ba3b67281419) Importer(815301076,1909f56bfc062723c751e8b465ee728b)
Start importing Assets/Fantasy Skybox FREE/Scenes/Brush_Grass_02.png using Guid(5d4b367f0702b4b46a16ba3b67281419) Importer(815301076,1909f56bfc062723c751e8b465ee728b)  -> (artifact id: 'd571b444155db6a2c4e07f24f9cfdcc0') in 0.053529 seconds 
  Import took 0.057819 seconds .

========================================================================
Received Import Request.
  Time since last request: 0.000338 seconds.
  path: Assets/Fantasy Skybox FREE/Scenes/Brush_Grass_01.png
  artifactKey: Guid(e3970f24555e12a46b75cdf5140ff23e) Importer(815301076,1909f56bfc062723c751e8b465ee728b)
Start importing Assets/Fantasy Skybox FREE/Scenes/Brush_Grass_01.png using Guid(e3970f24555e12a46b75cdf5140ff23e) Importer(815301076,1909f56bfc062723c751e8b465ee728b)  -> (artifact id: '156d754cf848a08a8f96d0275c2f7bdb') in 0.040728 seconds 
  Import took 0.043789 seconds .

========================================================================
Received Import Request.
  Time since last request: 0.000396 seconds.
  path: Assets/Fantasy Skybox FREE/Scenes/Texure_Rock_Normal.png
  artifactKey: Guid(758b1fc63752a1e44957111d5af9b00c) Importer(815301076,1909f56bfc062723c751e8b465ee728b)
Start importing Assets/Fantasy Skybox FREE/Scenes/Texure_Rock_Normal.png using Guid(758b1fc63752a1e44957111d5af9b00c) Importer(815301076,1909f56bfc062723c751e8b465ee728b)  -> (artifact id: 'c5f7b20ee284360379e31dc5f4030279') in 0.073223 seconds 
  Import took 0.078298 seconds .

========================================================================
Received Import Request.
  Time since last request: 0.000420 seconds.
  path: Assets/Fantasy Skybox FREE/Scenes/Texture_Dirt_Diffuse.png
  artifactKey: Guid(37d1938c74868484ea08b34225eb73b7) Importer(815301076,1909f56bfc062723c751e8b465ee728b)
Start importing Assets/Fantasy Skybox FREE/Scenes/Texture_Dirt_Diffuse.png using Guid(37d1938c74868484ea08b34225eb73b7) Importer(815301076,1909f56bfc062723c751e8b465ee728b)  -> (artifact id: '9ea181c891a18d6dd67ef7d4d3422425') in 0.029062 seconds 
  Import took 0.033527 seconds .

========================================================================
Received Import Request.
  Time since last request: 15.615423 seconds.
  path: Assets/Fantasy Skybox FREE/Materials/Classic/FS000_Night_01.png
  artifactKey: Guid(a64d2362d418d194f91274685fb10faf) Importer(815301076,1909f56bfc062723c751e8b465ee728b)
Start importing Assets/Fantasy Skybox FREE/Materials/Classic/FS000_Night_01.png using Guid(a64d2362d418d194f91274685fb10faf) Importer(815301076,1909f56bfc062723c751e8b465ee728b)  -> (artifact id: '63b37a2c00d0f26c7ebdccdda07e028f') in 0.081683 seconds 
  Import took 0.086551 seconds .

========================================================================
Received Import Request.
  Time since last request: 3.776213 seconds.
  path: Assets/Fantasy Skybox FREE/Materials/FS003
  artifactKey: Guid(19ee5fc36da208d45b86eb47e0f34cbd) Importer(815301076,1909f56bfc062723c751e8b465ee728b)
Start importing Assets/Fantasy Skybox FREE/Materials/FS003 using Guid(19ee5fc36da208d45b86eb47e0f34cbd) Importer(815301076,1909f56bfc062723c751e8b465ee728b)  -> (artifact id: 'c22b4f9e4cdfe3824d33d4ac878dc642') in 0.014641 seconds 
  Import took 0.019197 seconds .

========================================================================
Received Import Request.
  Time since last request: 0.054444 seconds.
  path: Assets/Fantasy Skybox FREE/Materials/FS003/FS003_Night.png
  artifactKey: Guid(323f1ea1bce78fe4c90b2286fa1997e2) Importer(815301076,1909f56bfc062723c751e8b465ee728b)
Start importing Assets/Fantasy Skybox FREE/Materials/FS003/FS003_Night.png using Guid(323f1ea1bce78fe4c90b2286fa1997e2) Importer(815301076,1909f56bfc062723c751e8b465ee728b)  -> (artifact id: '80b2755646ae9fc3a757ec3152fa4402') in 0.046892 seconds 
  Import took 0.059013 seconds .

========================================================================
Received Import Request.
  Time since last request: 117.067503 seconds.
  path: Assets/Hand Painted Seamless Wood Texture/Demo
  artifactKey: Guid(d6af6a21974250a4b92860b21d63ff00) Importer(815301076,1909f56bfc062723c751e8b465ee728b)
Start importing Assets/Hand Painted Seamless Wood Texture/Demo using Guid(d6af6a21974250a4b92860b21d63ff00) Importer(815301076,1909f56bfc062723c751e8b465ee728b)  -> (artifact id: 'c5a9d642ee35fe7653af3050f9fc39f9') in 0.014965 seconds 
  Import took 0.018874 seconds .

========================================================================
Received Import Request.
  Time since last request: 0.989826 seconds.
  path: Assets/Hand Painted Seamless Wood Texture/Demo/Scenes
  artifactKey: Guid(dcb7237cb5e63dd4e9c295fec59765ca) Importer(815301076,1909f56bfc062723c751e8b465ee728b)
Start importing Assets/Hand Painted Seamless Wood Texture/Demo/Scenes using Guid(dcb7237cb5e63dd4e9c295fec59765ca) Importer(815301076,1909f56bfc062723c751e8b465ee728b)  -> (artifact id: '034b8709df9eda51ff225b2b4315d006') in 0.011924 seconds 
  Import took 0.017117 seconds .

========================================================================
Received Import Request.
  Time since last request: 8.498100 seconds.
  path: Assets/Hand Painted Seamless Wood Texture/Documentation
  artifactKey: Guid(911e9853814d0f941807381eb60cb988) Importer(815301076,1909f56bfc062723c751e8b465ee728b)
Start importing Assets/Hand Painted Seamless Wood Texture/Documentation using Guid(911e9853814d0f941807381eb60cb988) Importer(815301076,1909f56bfc062723c751e8b465ee728b)  -> (artifact id: '5ccc536c94045fee25e56527ffacc1f0') in 0.012437 seconds 
  Import took 0.017873 seconds .

========================================================================
Received Import Request.
  Time since last request: 4.131474 seconds.
  path: Assets/Hand Painted Seamless Wood Texture/Textures
  artifactKey: Guid(bc30a6802bc4a7f44a2d0d2d8168d77d) Importer(815301076,1909f56bfc062723c751e8b465ee728b)
Start importing Assets/Hand Painted Seamless Wood Texture/Textures using Guid(bc30a6802bc4a7f44a2d0d2d8168d77d) Importer(815301076,1909f56bfc062723c751e8b465ee728b)  -> (artifact id: '0247cdf3a0e1d98768fc4b35d8446ecb') in 0.013746 seconds 
  Import took 0.020294 seconds .

========================================================================
Received Import Request.
  Time since last request: 14.192220 seconds.
  path: Assets/mio/arco+cubo.obj
  artifactKey: Guid(2aac0396229422d4cb7603fc7b50aa0a) Importer(815301076,1909f56bfc062723c751e8b465ee728b)
Start importing Assets/mio/arco+cubo.obj using Guid(2aac0396229422d4cb7603fc7b50aa0a) Importer(815301076,1909f56bfc062723c751e8b465ee728b)  -> (artifact id: 'abce5970d3dc230d19fdedeec730ee6e') in 0.142708 seconds 
  Import took 0.146417 seconds .

========================================================================
Received Import Request.
  Time since last request: 0.000360 seconds.
  path: Assets/mio/blanco.mat
  artifactKey: Guid(1bf7e9d0965703e4fa03c3490e08e5c1) Importer(815301076,1909f56bfc062723c751e8b465ee728b)
Start importing Assets/mio/blanco.mat using Guid(1bf7e9d0965703e4fa03c3490e08e5c1) Importer(815301076,1909f56bfc062723c751e8b465ee728b)  -> (artifact id: '56e3f4087270af9effae4f930c7a04ad') in 0.029343 seconds 
  Import took 0.034441 seconds .

========================================================================
Received Import Request.
  Time since last request: 0.000362 seconds.
  path: Assets/mio/cafe.mat
  artifactKey: Guid(775755831846e964cbcff83d667a639b) Importer(815301076,1909f56bfc062723c751e8b465ee728b)
Start importing Assets/mio/cafe.mat using Guid(775755831846e964cbcff83d667a639b) Importer(815301076,1909f56bfc062723c751e8b465ee728b)  -> (artifact id: 'f27c739c224dd021b30aae0ff72e4a32') in 0.025027 seconds 
  Import took 0.030286 seconds .

========================================================================
Received Import Request.
  Time since last request: 0.000348 seconds.
  path: Assets/mio/arco1.obj
  artifactKey: Guid(f454fbeca79c64e46ae0054991961f1e) Importer(815301076,1909f56bfc062723c751e8b465ee728b)
Start importing Assets/mio/arco1.obj using Guid(f454fbeca79c64e46ae0054991961f1e) Importer(815301076,1909f56bfc062723c751e8b465ee728b)  -> (artifact id: 'd147c632542b4c2310d6aa9dd70b8e5a') in 0.112007 seconds 
  Import took 0.116101 seconds .

========================================================================
Received Import Request.
  Time since last request: 0.000333 seconds.
  path: Assets/mio/rejas.mat
  artifactKey: Guid(062d073a15f2dc340bf85b519bc9721a) Importer(815301076,1909f56bfc062723c751e8b465ee728b)
Start importing Assets/mio/rejas.mat using Guid(062d073a15f2dc340bf85b519bc9721a) Importer(815301076,1909f56bfc062723c751e8b465ee728b)  -> (artifact id: '933989141031af51f93c7323de1d2d30') in 0.024218 seconds 
  Import took 0.028541 seconds .

========================================================================
Received Import Request.
  Time since last request: 0.000403 seconds.
  path: Assets/mio/luz.mat
  artifactKey: Guid(f09b2217b3b96f44b91859e2bfcc58ab) Importer(815301076,1909f56bfc062723c751e8b465ee728b)
Start importing Assets/mio/luz.mat using Guid(f09b2217b3b96f44b91859e2bfcc58ab) Importer(815301076,1909f56bfc062723c751e8b465ee728b)  -> (artifact id: 'c6895e93abdba69aa33d4ac20fba2607') in 0.031935 seconds 
  Import took 0.035772 seconds .

========================================================================
Received Import Request.
  Time since last request: 0.000554 seconds.
  path: Assets/mio/arcosDerecha.obj
  artifactKey: Guid(93d572fa118c38141810e98851680cda) Importer(815301076,1909f56bfc062723c751e8b465ee728b)
Start importing Assets/mio/arcosDerecha.obj using Guid(93d572fa118c38141810e98851680cda) Importer(815301076,1909f56bfc062723c751e8b465ee728b)  -> (artifact id: '8d1ba108182432a607c7f44d36a8682c') in 0.119428 seconds 
  Import took 0.123739 seconds .

========================================================================
Received Import Request.
  Time since last request: 0.000274 seconds.
  path: Assets/mio/tinker.obj
  artifactKey: Guid(dbf6744241295b946b107cb2d8e5a066) Importer(815301076,1909f56bfc062723c751e8b465ee728b)
Start importing Assets/mio/tinker.obj using Guid(dbf6744241295b946b107cb2d8e5a066) Importer(815301076,1909f56bfc062723c751e8b465ee728b)  -> (artifact id: 'ced14507371889c04ee08d5971251f6e') in 0.086952 seconds 
  Import took 0.090358 seconds .

========================================================================
Received Import Request.
  Time since last request: 0.000324 seconds.
  path: Assets/mio/tinker 1.obj
  artifactKey: Guid(abf52564e4b884445a16124294431e77) Importer(815301076,1909f56bfc062723c751e8b465ee728b)
Start importing Assets/mio/tinker 1.obj using Guid(abf52564e4b884445a16124294431e77) Importer(815301076,1909f56bfc062723c751e8b465ee728b)  -> (artifact id: '6a790ead6f002c96e1c1621c61a4ace3') in 0.165911 seconds 
  Import took 0.168964 seconds .

========================================================================
Received Import Request.
  Time since last request: 0.000287 seconds.
  path: Assets/mio/oscuro.mat
  artifactKey: Guid(61f12989fd89e9e499831f046ede812b) Importer(815301076,1909f56bfc062723c751e8b465ee728b)
Start importing Assets/mio/oscuro.mat using Guid(61f12989fd89e9e499831f046ede812b) Importer(815301076,1909f56bfc062723c751e8b465ee728b)  -> (artifact id: '7d20acf48a5ad77d9aca8b4f446de373') in 0.026607 seconds 
  Import took 0.033221 seconds .

========================================================================
Received Import Request.
  Time since last request: 0.000580 seconds.
  path: Assets/mio/techo.mat
  artifactKey: Guid(e8cebb3d1fdc2a84c98e4a4158e50805) Importer(815301076,1909f56bfc062723c751e8b465ee728b)
Start importing Assets/mio/techo.mat using Guid(e8cebb3d1fdc2a84c98e4a4158e50805) Importer(815301076,1909f56bfc062723c751e8b465ee728b)  -> (artifact id: '232fb4d11400ed6d785347db5d121967') in 0.031381 seconds 
  Import took 0.043467 seconds .

========================================================================
Received Import Request.
  Time since last request: 0.000330 seconds.
  path: Assets/mio/mesa.obj
  artifactKey: Guid(d4676ff5c9c51e2409086ca04b37f162) Importer(815301076,1909f56bfc062723c751e8b465ee728b)
Start importing Assets/mio/mesa.obj using Guid(d4676ff5c9c51e2409086ca04b37f162) Importer(815301076,1909f56bfc062723c751e8b465ee728b)  -> (artifact id: 'e94de44c00da4d45e0d93f01a86ffeef') in 0.078240 seconds 
  Import took 0.084593 seconds .

========================================================================
Received Import Request.
  Time since last request: 0.000346 seconds.
  path: Assets/mio/colchon.mat
  artifactKey: Guid(80958aaae03b64b498dd6e9535fb07bd) Importer(815301076,1909f56bfc062723c751e8b465ee728b)
Start importing Assets/mio/colchon.mat using Guid(80958aaae03b64b498dd6e9535fb07bd) Importer(815301076,1909f56bfc062723c751e8b465ee728b)  -> (artifact id: '1f01489e09de0a35a9e11478828259b6') in 0.027720 seconds 
  Import took 0.032247 seconds .

========================================================================
Received Import Request.
  Time since last request: 59.881978 seconds.
  path: Assets/mio/obj 1.mtl
  artifactKey: Guid(e84e3ed03b1578e43b348c8fb7ec28d1) Importer(815301076,1909f56bfc062723c751e8b465ee728b)
Start importing Assets/mio/obj 1.mtl using Guid(e84e3ed03b1578e43b348c8fb7ec28d1) Importer(815301076,1909f56bfc062723c751e8b465ee728b)  -> (artifact id: 'ebd8838fc87fadd25b5120c450cb5d44') in 0.015983 seconds 
  Import took 0.022016 seconds .

========================================================================
Received Import Request.
  Time since last request: 4.453269 seconds.
  path: Assets/mio/obj.mtl
  artifactKey: Guid(bb1b20f5e02711b48bc8994f3a889bce) Importer(815301076,1909f56bfc062723c751e8b465ee728b)
Start importing Assets/mio/obj.mtl using Guid(bb1b20f5e02711b48bc8994f3a889bce) Importer(815301076,1909f56bfc062723c751e8b465ee728b)  -> (artifact id: 'dc49099c8b6f32035b8a208c0294b581') in 0.012301 seconds 
  Import took 0.024484 seconds .

========================================================================
Received Import Request.
  Time since last request: 4.629507 seconds.
  path: Assets/mio/arco1 1.mtl
  artifactKey: Guid(43c511321b9891d439b471ee4ad148a6) Importer(815301076,1909f56bfc062723c751e8b465ee728b)
Start importing Assets/mio/arco1 1.mtl using Guid(43c511321b9891d439b471ee4ad148a6) Importer(815301076,1909f56bfc062723c751e8b465ee728b)  -> (artifact id: '9c5ed64f04e7138a0085b7b0118f77f4') in 0.012716 seconds 
  Import took 0.018418 seconds .

========================================================================
Received Prepare
Registering precompiled user dll's ...
Registered in 0.005327 seconds.
Begin MonoManager ReloadAssembly
Native extension for WindowsStandalone target not found
Native extension for WebGL target not found
Refreshing native plugins compatible for Editor in 0.49 ms, found 2 plugins.
Preloading 0 native plugins for Editor in 0.00 ms.
Mono: successfully reloaded assembly
- Completed reload, in  1.033 seconds
Domain Reload Profiling:
	ReloadAssembly (1033ms)
		BeginReloadAssembly (125ms)
			ExecutionOrderSort (0ms)
			DisableScriptedObjects (4ms)
			BackupInstance (0ms)
			ReleaseScriptingObjects (0ms)
			CreateAndSetChildDomain (37ms)
		EndReloadAssembly (827ms)
			LoadAssemblies (91ms)
			RebuildTransferFunctionScriptingTraits (0ms)
			SetupTypeCache (281ms)
			ReleaseScriptCaches (1ms)
			RebuildScriptCaches (40ms)
			SetupLoadedEditorAssemblies (307ms)
				LogAssemblyErrors (0ms)
				InitializePlatformSupportModulesInManaged (6ms)
				SetLoadedEditorAssemblies (1ms)
				RefreshPlugins (1ms)
				BeforeProcessingInitializeOnLoad (62ms)
				ProcessInitializeOnLoadAttributes (215ms)
				ProcessInitializeOnLoadMethodAttributes (13ms)
				AfterProcessingInitializeOnLoad (10ms)
				EditorAssembliesLoaded (0ms)
			ExecutionOrderSort2 (0ms)
			AwakeInstancesAfterBackupRestoration (9ms)
Platform modules already initialized, skipping
Refreshing native plugins compatible for Editor in 0.73 ms, found 2 plugins.
Preloading 0 native plugins for Editor in 0.00 ms.
Unloading 1498 Unused Serialized files (Serialized files now loaded: 0)
System memory in use before: 90.2 MB.
System memory in use after: 90.3 MB.

Unloading 14 unused Assets to reduce memory usage. Loaded Objects now: 2013.
Total: 3.601800 ms (FindLiveObjects: 0.172400 ms CreateObjectMapping: 0.076300 ms MarkObjects: 3.332400 ms  DeleteObjects: 0.019600 ms)

AssetImportParameters requested are different than current active one (requested -> active):
  custom:framework-win-MediaFoundation: 216162199b28c13a410421893ffa2e32 -> 
  custom:video-decoder-ogg-theora: a1e56fd34408186e4bbccfd4996cb3dc -> 
  custom:container-muxer-webm: aa71ff27fc2769a1b78a27578f13a17b -> 
  custom:container-demuxer-webm: 4f35f7cbe854078d1ac9338744f61a02 -> 
  custom:container-demuxer-ogg: 62fdf1f143b41e24485cea50d1cbac27 -> 
  custom:video-encoder-webm-vp8: eb34c28f22e8b96e1ab97ce403110664 -> 
  custom:video-codec-MediaFoundation-h265: 746d11721c4dcdbdad8f713fa42b33f4 -> 
  custom:video-decoder-webm-vp8: 9c59270c3fd7afecdb556c50c9e8de78 -> 
  custom:audio-decoder-ogg-vorbis: bf7c407c2cedff20999df2af8eb42d56 -> 
  custom:audio-encoder-webm-vorbis: bf7c407c2cedff20999df2af8eb42d56 -> 
